2020-04-03 14:54:07 [scrapy.utils.log] INFO: Scrapy 1.6.0 started (bot: amazon_bestseller)
2020-04-03 14:54:07 [scrapy.utils.log] INFO: Versions: lxml 4.3.1.0, libxml2 2.9.5, cssselect 1.0.3, parsel 1.5.1, w3lib 1.20.0, Twisted 18.9.0, Python 3.6.8 (tags/v3.6.8:3c6b436a57, Dec 24 2018, 00:16:47) [MSC v.1916 64 bit (AMD64)], pyOpenSSL 18.0.0 (OpenSSL 1.1.1c  28 May 2019), cryptography 2.7, Platform Windows-7-6.1.7601-SP1
2020-04-03 14:54:07 [scrapy.crawler] INFO: Overridden settings: {'BOT_NAME': 'amazon_bestseller', 'CONCURRENT_REQUESTS': 10, 'LOG_FILE': 'log/scrapy_2020_4_3.log', 'NEWSPIDER_MODULE': 'amazon_bestseller.spiders', 'SPIDER_MODULES': ['amazon_bestseller.spiders']}
2020-04-03 14:54:07 [scrapy.extensions.telnet] INFO: Telnet Password: 47356e0edc6adfa8
2020-04-03 14:54:07 [scrapy.middleware] INFO: Enabled extensions:
['scrapy.extensions.corestats.CoreStats',
 'scrapy.extensions.telnet.TelnetConsole',
 'scrapy.extensions.logstats.LogStats']
2020-04-03 14:54:07 [scrapy.middleware] INFO: Enabled downloader middlewares:
['scrapy.downloadermiddlewares.httpauth.HttpAuthMiddleware',
 'scrapy.downloadermiddlewares.downloadtimeout.DownloadTimeoutMiddleware',
 'scrapy.downloadermiddlewares.defaultheaders.DefaultHeadersMiddleware',
 'scrapy.downloadermiddlewares.useragent.UserAgentMiddleware',
 'scrapy.downloadermiddlewares.retry.RetryMiddleware',
 'scrapy.downloadermiddlewares.redirect.MetaRefreshMiddleware',
 'scrapy.downloadermiddlewares.httpcompression.HttpCompressionMiddleware',
 'scrapy.downloadermiddlewares.redirect.RedirectMiddleware',
 'scrapy.downloadermiddlewares.cookies.CookiesMiddleware',
 'scrapy.downloadermiddlewares.httpproxy.HttpProxyMiddleware',
 'scrapy.downloadermiddlewares.stats.DownloaderStats']
2020-04-03 14:54:07 [scrapy.middleware] INFO: Enabled spider middlewares:
['scrapy.spidermiddlewares.httperror.HttpErrorMiddleware',
 'scrapy.spidermiddlewares.offsite.OffsiteMiddleware',
 'scrapy.spidermiddlewares.referer.RefererMiddleware',
 'scrapy.spidermiddlewares.urllength.UrlLengthMiddleware',
 'scrapy.spidermiddlewares.depth.DepthMiddleware']
2020-04-03 14:54:07 [scrapy.middleware] INFO: Enabled item pipelines:
['amazon_bestseller.pipelines.MongodbPipeline']
2020-04-03 14:54:07 [scrapy.core.engine] INFO: Spider opened
2020-04-03 14:54:08 [scrapy.extensions.logstats] INFO: Crawled 0 pages (at 0 pages/min), scraped 0 items (at 0 items/min)
2020-04-03 14:54:08 [scrapy.extensions.telnet] INFO: Telnet console listening on 127.0.0.1:6023
2020-04-03 14:54:10 [scrapy.downloadermiddlewares.retry] DEBUG: Retrying <GET https://www.amazon.com/gp/bestsellers/?currency=USD&language=en_US> (failed 1 times): 503 Service Unavailable
2020-04-03 14:54:10 [scrapy.downloadermiddlewares.retry] DEBUG: Retrying <GET https://www.amazon.com/gp/bestsellers/?currency=USD&language=en_US> (failed 2 times): 503 Service Unavailable
2020-04-03 14:54:11 [scrapy.downloadermiddlewares.retry] DEBUG: Gave up retrying <GET https://www.amazon.com/gp/bestsellers/?currency=USD&language=en_US> (failed 3 times): 503 Service Unavailable
2020-04-03 14:54:11 [scrapy.core.engine] DEBUG: Crawled (503) <GET https://www.amazon.com/gp/bestsellers/?currency=USD&language=en_US> (referer: None)
2020-04-03 14:54:11 [scrapy.core.scraper] ERROR: Spider error processing <GET https://www.amazon.com/gp/bestsellers/?currency=USD&language=en_US> (referer: None)
Traceback (most recent call last):
  File "C:\Python36-32\lib\site-packages\scrapy\utils\defer.py", line 102, in iter_errback
    yield next(it)
  File "C:\Python36-32\lib\site-packages\scrapy\spidermiddlewares\offsite.py", line 29, in process_spider_output
    for x in result:
  File "C:\Python36-32\lib\site-packages\scrapy\spidermiddlewares\referer.py", line 339, in <genexpr>
    return (_set_referer(r) for r in result or ())
  File "C:\Python36-32\lib\site-packages\scrapy\spidermiddlewares\urllength.py", line 37, in <genexpr>
    return (r for r in result or () if _filter(r))
  File "C:\Python36-32\lib\site-packages\scrapy\spidermiddlewares\depth.py", line 58, in <genexpr>
    return (r for r in result or () if _filter(r))
  File "D:\file_download\amazon_bestseller\amazon_bestseller\spiders\nie_amazon.py", line 44, in parse
    end1= '0' if len(response.xpath('//*[@id="zg_browseRoot"]/ul/li[1]/a/text()').extract_first())>1 else '1' #标识最后一个节点
TypeError: object of type 'NoneType' has no len()
2020-04-03 14:54:11 [scrapy.core.engine] INFO: Closing spider (finished)
2020-04-03 14:54:11 [scrapy.statscollectors] INFO: Dumping Scrapy stats:
{'downloader/request_bytes': 777,
 'downloader/request_count': 3,
 'downloader/request_method_count/GET': 3,
 'downloader/response_bytes': 7816,
 'downloader/response_count': 3,
 'downloader/response_status_count/503': 3,
 'finish_reason': 'finished',
 'finish_time': datetime.datetime(2020, 4, 3, 6, 54, 11, 374800),
 'log_count/DEBUG': 4,
 'log_count/ERROR': 1,
 'log_count/INFO': 9,
 'response_received_count': 1,
 'retry/count': 2,
 'retry/max_reached': 1,
 'retry/reason_count/503 Service Unavailable': 2,
 'scheduler/dequeued': 3,
 'scheduler/dequeued/memory': 3,
 'scheduler/enqueued': 3,
 'scheduler/enqueued/memory': 3,
 'spider_exceptions/TypeError': 1,
 'start_time': datetime.datetime(2020, 4, 3, 6, 54, 8, 122800)}
2020-04-03 14:54:11 [scrapy.core.engine] INFO: Spider closed (finished)
2020-04-03 14:54:22 [scrapy.utils.log] INFO: Scrapy 1.6.0 started (bot: amazon_bestseller)
2020-04-03 14:54:22 [scrapy.utils.log] INFO: Versions: lxml 4.3.1.0, libxml2 2.9.5, cssselect 1.0.3, parsel 1.5.1, w3lib 1.20.0, Twisted 18.9.0, Python 3.6.8 (tags/v3.6.8:3c6b436a57, Dec 24 2018, 00:16:47) [MSC v.1916 64 bit (AMD64)], pyOpenSSL 18.0.0 (OpenSSL 1.1.1c  28 May 2019), cryptography 2.7, Platform Windows-7-6.1.7601-SP1
2020-04-03 14:54:22 [scrapy.crawler] INFO: Overridden settings: {'BOT_NAME': 'amazon_bestseller', 'CONCURRENT_REQUESTS': 10, 'LOG_FILE': 'log/scrapy_2020_4_3.log', 'NEWSPIDER_MODULE': 'amazon_bestseller.spiders', 'SPIDER_MODULES': ['amazon_bestseller.spiders']}
2020-04-03 14:54:22 [scrapy.extensions.telnet] INFO: Telnet Password: 31ca9bbfdd1c2b9a
2020-04-03 14:54:22 [scrapy.middleware] INFO: Enabled extensions:
['scrapy.extensions.corestats.CoreStats',
 'scrapy.extensions.telnet.TelnetConsole',
 'scrapy.extensions.logstats.LogStats']
2020-04-03 14:54:23 [scrapy.middleware] INFO: Enabled downloader middlewares:
['scrapy.downloadermiddlewares.httpauth.HttpAuthMiddleware',
 'scrapy.downloadermiddlewares.downloadtimeout.DownloadTimeoutMiddleware',
 'scrapy.downloadermiddlewares.defaultheaders.DefaultHeadersMiddleware',
 'scrapy.downloadermiddlewares.useragent.UserAgentMiddleware',
 'scrapy.downloadermiddlewares.retry.RetryMiddleware',
 'scrapy.downloadermiddlewares.redirect.MetaRefreshMiddleware',
 'scrapy.downloadermiddlewares.httpcompression.HttpCompressionMiddleware',
 'scrapy.downloadermiddlewares.redirect.RedirectMiddleware',
 'scrapy.downloadermiddlewares.cookies.CookiesMiddleware',
 'scrapy.downloadermiddlewares.httpproxy.HttpProxyMiddleware',
 'scrapy.downloadermiddlewares.stats.DownloaderStats']
2020-04-03 14:54:23 [scrapy.middleware] INFO: Enabled spider middlewares:
['scrapy.spidermiddlewares.httperror.HttpErrorMiddleware',
 'scrapy.spidermiddlewares.offsite.OffsiteMiddleware',
 'scrapy.spidermiddlewares.referer.RefererMiddleware',
 'scrapy.spidermiddlewares.urllength.UrlLengthMiddleware',
 'scrapy.spidermiddlewares.depth.DepthMiddleware']
2020-04-03 14:54:23 [scrapy.middleware] INFO: Enabled item pipelines:
['amazon_bestseller.pipelines.MongodbPipeline']
2020-04-03 14:54:23 [scrapy.core.engine] INFO: Spider opened
2020-04-03 14:54:23 [scrapy.extensions.logstats] INFO: Crawled 0 pages (at 0 pages/min), scraped 0 items (at 0 items/min)
2020-04-03 14:54:23 [scrapy.extensions.telnet] INFO: Telnet console listening on 127.0.0.1:6023
2020-04-03 14:54:25 [scrapy.core.engine] DEBUG: Crawled (200) <GET https://www.amazon.com/gp/bestsellers/?currency=USD&language=en_US> (referer: None)
2020-04-03 14:55:03 [scrapy.utils.log] INFO: Scrapy 1.6.0 started (bot: amazon_bestseller)
2020-04-03 14:55:03 [scrapy.utils.log] INFO: Versions: lxml 4.3.1.0, libxml2 2.9.5, cssselect 1.0.3, parsel 1.5.1, w3lib 1.20.0, Twisted 18.9.0, Python 3.6.8 (tags/v3.6.8:3c6b436a57, Dec 24 2018, 00:16:47) [MSC v.1916 64 bit (AMD64)], pyOpenSSL 18.0.0 (OpenSSL 1.1.1c  28 May 2019), cryptography 2.7, Platform Windows-7-6.1.7601-SP1
2020-04-03 14:55:03 [scrapy.crawler] INFO: Overridden settings: {'BOT_NAME': 'amazon_bestseller', 'CONCURRENT_REQUESTS': 10, 'LOG_FILE': 'log/scrapy_2020_4_3.log', 'NEWSPIDER_MODULE': 'amazon_bestseller.spiders', 'SPIDER_MODULES': ['amazon_bestseller.spiders']}
2020-04-03 14:55:03 [scrapy.extensions.telnet] INFO: Telnet Password: 3fab429176fce3f7
2020-04-03 14:55:03 [scrapy.middleware] INFO: Enabled extensions:
['scrapy.extensions.corestats.CoreStats',
 'scrapy.extensions.telnet.TelnetConsole',
 'scrapy.extensions.logstats.LogStats']
2020-04-03 14:55:03 [scrapy.middleware] INFO: Enabled downloader middlewares:
['scrapy.downloadermiddlewares.httpauth.HttpAuthMiddleware',
 'scrapy.downloadermiddlewares.downloadtimeout.DownloadTimeoutMiddleware',
 'scrapy.downloadermiddlewares.defaultheaders.DefaultHeadersMiddleware',
 'scrapy.downloadermiddlewares.useragent.UserAgentMiddleware',
 'scrapy.downloadermiddlewares.retry.RetryMiddleware',
 'scrapy.downloadermiddlewares.redirect.MetaRefreshMiddleware',
 'scrapy.downloadermiddlewares.httpcompression.HttpCompressionMiddleware',
 'scrapy.downloadermiddlewares.redirect.RedirectMiddleware',
 'scrapy.downloadermiddlewares.cookies.CookiesMiddleware',
 'scrapy.downloadermiddlewares.httpproxy.HttpProxyMiddleware',
 'scrapy.downloadermiddlewares.stats.DownloaderStats']
2020-04-03 14:55:03 [scrapy.middleware] INFO: Enabled spider middlewares:
['scrapy.spidermiddlewares.httperror.HttpErrorMiddleware',
 'scrapy.spidermiddlewares.offsite.OffsiteMiddleware',
 'scrapy.spidermiddlewares.referer.RefererMiddleware',
 'scrapy.spidermiddlewares.urllength.UrlLengthMiddleware',
 'scrapy.spidermiddlewares.depth.DepthMiddleware']
2020-04-03 14:55:03 [scrapy.middleware] INFO: Enabled item pipelines:
['amazon_bestseller.pipelines.MongodbPipeline']
2020-04-03 14:55:03 [scrapy.core.engine] INFO: Spider opened
2020-04-03 14:55:03 [scrapy.extensions.logstats] INFO: Crawled 0 pages (at 0 pages/min), scraped 0 items (at 0 items/min)
2020-04-03 14:55:03 [scrapy.extensions.telnet] INFO: Telnet console listening on 127.0.0.1:6023
2020-04-03 14:55:25 [scrapy.downloadermiddlewares.retry] DEBUG: Retrying <GET https://www.amazon.com/gp/bestsellers/?currency=USD&language=en_US> (failed 1 times): TCP connection timed out: 10060: 由于连接方在一段时间后没有正确答复或连接的主机没有反应，连接尝试失败。.
2020-04-03 14:55:46 [scrapy.downloadermiddlewares.retry] DEBUG: Retrying <GET https://www.amazon.com/gp/bestsellers/?currency=USD&language=en_US> (failed 2 times): TCP connection timed out: 10060: 由于连接方在一段时间后没有正确答复或连接的主机没有反应，连接尝试失败。.
2020-04-03 14:55:55 [scrapy.utils.log] INFO: Scrapy 1.6.0 started (bot: amazon_bestseller)
2020-04-03 14:55:55 [scrapy.utils.log] INFO: Versions: lxml 4.3.1.0, libxml2 2.9.5, cssselect 1.0.3, parsel 1.5.1, w3lib 1.20.0, Twisted 18.9.0, Python 3.6.8 (tags/v3.6.8:3c6b436a57, Dec 24 2018, 00:16:47) [MSC v.1916 64 bit (AMD64)], pyOpenSSL 18.0.0 (OpenSSL 1.1.1c  28 May 2019), cryptography 2.7, Platform Windows-7-6.1.7601-SP1
2020-04-03 14:55:55 [scrapy.crawler] INFO: Overridden settings: {'BOT_NAME': 'amazon_bestseller', 'CONCURRENT_REQUESTS': 10, 'LOG_FILE': 'log/scrapy_2020_4_3.log', 'NEWSPIDER_MODULE': 'amazon_bestseller.spiders', 'SPIDER_MODULES': ['amazon_bestseller.spiders']}
2020-04-03 14:55:55 [scrapy.extensions.telnet] INFO: Telnet Password: 5543ce2b72e538b0
2020-04-03 14:55:55 [scrapy.middleware] INFO: Enabled extensions:
['scrapy.extensions.corestats.CoreStats',
 'scrapy.extensions.telnet.TelnetConsole',
 'scrapy.extensions.logstats.LogStats']
2020-04-03 14:55:55 [scrapy.middleware] INFO: Enabled downloader middlewares:
['scrapy.downloadermiddlewares.httpauth.HttpAuthMiddleware',
 'scrapy.downloadermiddlewares.downloadtimeout.DownloadTimeoutMiddleware',
 'scrapy.downloadermiddlewares.defaultheaders.DefaultHeadersMiddleware',
 'scrapy.downloadermiddlewares.useragent.UserAgentMiddleware',
 'scrapy.downloadermiddlewares.retry.RetryMiddleware',
 'scrapy.downloadermiddlewares.redirect.MetaRefreshMiddleware',
 'scrapy.downloadermiddlewares.httpcompression.HttpCompressionMiddleware',
 'scrapy.downloadermiddlewares.redirect.RedirectMiddleware',
 'scrapy.downloadermiddlewares.cookies.CookiesMiddleware',
 'scrapy.downloadermiddlewares.httpproxy.HttpProxyMiddleware',
 'scrapy.downloadermiddlewares.stats.DownloaderStats']
2020-04-03 14:55:55 [scrapy.middleware] INFO: Enabled spider middlewares:
['scrapy.spidermiddlewares.httperror.HttpErrorMiddleware',
 'scrapy.spidermiddlewares.offsite.OffsiteMiddleware',
 'scrapy.spidermiddlewares.referer.RefererMiddleware',
 'scrapy.spidermiddlewares.urllength.UrlLengthMiddleware',
 'scrapy.spidermiddlewares.depth.DepthMiddleware']
2020-04-03 14:55:55 [scrapy.middleware] INFO: Enabled item pipelines:
['amazon_bestseller.pipelines.MongodbPipeline']
2020-04-03 14:55:55 [scrapy.core.engine] INFO: Spider opened
2020-04-03 14:55:56 [scrapy.extensions.logstats] INFO: Crawled 0 pages (at 0 pages/min), scraped 0 items (at 0 items/min)
2020-04-03 14:55:56 [scrapy.extensions.telnet] INFO: Telnet console listening on 127.0.0.1:6023
2020-04-03 14:55:58 [scrapy.core.engine] DEBUG: Crawled (200) <GET https://www.amazon.com/gp/bestsellers/?currency=USD&language=en_US> (referer: None)
